<?xml version="1.0" encoding="UTF-8"?>
<!-- Generated by org.testng.reporters.JUnitReportReporter -->
<testsuite hostname="DESKTOP-E2M6GF9" failures="0" tests="1" name="runnerPackage.Runnerclass" time="16.178" errors="0" timestamp="2024-12-21T23:49:19 IST" skipped="0">
  <testcase classname="runnerPackage.Runnerclass" name="runScenario" time="16.178"/>
</testsuite> <!-- runnerPackage.Runnerclass -->
